<?xml version="1.0" encoding="UTF-8"?>
<testsuite xmlns:xsi="http://www.w3.org/2001/XMLSchema-instance" xsi:noNamespaceSchemaLocation="https://maven.apache.org/surefire/maven-surefire-plugin/xsd/surefire-test-report.xsd" name="org.example.AppTest" time="37.796" tests="2" errors="0" skipped="0" failures="2">
  <properties>
[...]
</properties>
  <testcase name="navigate_to_homepage_click_on_getstarted" classname="org.example.AppTest" time="0.073">
    <failure message="expected [App &amp; Browser Testing Made Easy] but found [App &amp; Browser Testing for Teams]" type="java.lang.AssertionError"><![CDATA[java.lang.AssertionError: expected [App & Browser Testing Made Easy] but found [App & Browser Testing for Teams]
	at org.example.AppTest.navigate_to_homepage_click_on_getstarted(AppTest.java:39)
]]></failure>
    <system-err><![CDATA[Starting ChromeDriver 91.0.4472.101 (af52a90bf87030dd1523486a1cd3ae25c5d76c9b-refs/branch-heads/4472@{#1462}) on port 3435
Only local connections are allowed.
Please see https://chromedriver.chromium.org/security-considerations for suggestions on keeping ChromeDriver safe.
ChromeDriver was started successfully.
Jun 14, 2021 8:31:56 PM org.openqa.selenium.remote.ProtocolHandshake createSession
INFO: Detected dialect: W3C
]]></system-err>
  </testcase>
  <testcase name="enter_userDetails" classname="org.example.AppTest" time="0.031">
    <failure message="expected [App &amp; Browser Testing Made Easy] but found [Create a FREE Account]" type="java.lang.AssertionError"><![CDATA[java.lang.AssertionError: expected [App & Browser Testing Made Easy] but found [Create a FREE Account]
	at org.example.AppTest.enter_userDetails(AppTest.java:46)
]]></failure>
  </testcase>
</testsuite>